<?xml version="1.0" encoding="UTF-8"?>
<!-- Generated by org.testng.reporters.JUnitReportReporter -->
<testsuite hostname="DESKTOP-T9QN3PE" failures="0" tests="5" name="LoginTest" time="40.052" errors="0" timestamp="2022-12-02T13:59:02 GMT" skipped="0">
  <testcase classname="LoginTest" name="loginPageTitleTest" time="4.909"/>
  <system-out/>
  <testcase classname="LoginTest" name="loginPageImageTest" time="5.270"/>
  <system-out/>
  <testcase classname="LoginTest" name="loginPageDiscoverTest" time="5.638"/>
  <system-out/>
  <testcase classname="LoginTest" name="loginPageJobsTest" time="5.471"/>
  <system-out/>
  <testcase classname="LoginTest" name="validateLogin" time="18.764"/>
  <system-out/>
</testsuite> <!-- LoginTest -->
