<?xml version="1.0" encoding="UTF-8"?>
<!-- Generated by org.testng.reporters.JUnitReportReporter -->
<testsuite hostname="DESKTOP-T9QN3PE" failures="0" tests="4" name="HomePageTest" time="65.265" errors="0" timestamp="2022-12-02T13:59:02 GMT" skipped="0">
  <testcase classname="HomePageTest" name="HomePageTitleTest" time="16.730"/>
  <system-out/>
  <testcase classname="HomePageTest" name="UsernameTest" time="16.908"/>
  <system-out/>
  <testcase classname="HomePageTest" name="validateJobs" time="16.316"/>
  <system-out/>
  <testcase classname="HomePageTest" name="validateNetwork" time="15.311"/>
  <system-out/>
</testsuite> <!-- HomePageTest -->
